This is pdfTeX, Version 3.141592653-2.6-1.40.22 (MiKTeX 21.3) (preloaded format=pdflatex 2021.4.29)  15 AUG 2022 10:27
entering extended mode
**./ROUND_TWO_New_linesearch_26_07_22.tex
(ROUND_TWO_New_linesearch_26_07_22.tex
LaTeX2e <2020-10-01> patch level 4
L3 programming layer <2021-02-18>

LaTeX Warning: File `example.eps' already exists on the system.
               Not generating it from this source.

(D:\PROGRAMFILES\miktex\tex/latex/base\fix-cm.sty
Package: fix-cm 2015/01/14 v1.1t fixes to LaTeX

(D:\PROGRAMFILES\miktex\tex/latex/base\ts1enc.def
File: ts1enc.def 2001/06/05 v3.0e (jk/car/fm) Standard LaTeX file
LaTeX Font Info:    Redeclaring font encoding TS1 on input line 47.
)) (svjour3.cls
Document Class: svjour3 2007/05/08 v3.2 
LaTeX document class for Springer journals
Class Springer-SVJour3 Info: extra/valid Springer sub-package (-> *.clo) 
(Springer-SVJour3)           not found in option list of \documentclass
(Springer-SVJour3)           - autoactivating "global" style.
(svglov3.clo
File: svglov3.clo 2009/12/18 v3.2 style option for standardised journals

SVJour Class option: svglov3.clo for standardised journals
)
LaTeX Font Info:    Redeclaring math symbol \Gamma on input line 147.
LaTeX Font Info:    Redeclaring math symbol \Delta on input line 148.
LaTeX Font Info:    Redeclaring math symbol \Theta on input line 149.
LaTeX Font Info:    Redeclaring math symbol \Lambda on input line 150.
LaTeX Font Info:    Redeclaring math symbol \Xi on input line 151.
LaTeX Font Info:    Redeclaring math symbol \Pi on input line 152.
LaTeX Font Info:    Redeclaring math symbol \Sigma on input line 153.
LaTeX Font Info:    Redeclaring math symbol \Upsilon on input line 154.
LaTeX Font Info:    Redeclaring math symbol \Phi on input line 155.
LaTeX Font Info:    Redeclaring math symbol \Psi on input line 156.
LaTeX Font Info:    Redeclaring math symbol \Omega on input line 157.
\logodepth=\dimen138
\headerboxheight=\dimen139
\betweenumberspace=\dimen140
\aftertext=\dimen141
\headlineindent=\dimen142
\c@inst=\count179
\c@auth=\count180
\instindent=\dimen143
\authrun=\box47
\authorrunning=\toks15
\titrun=\box48
\titlerunning=\toks16
\combirun=\box49
\c@lastpage=\count181
\rubricwidth=\dimen144
\c@section=\count182
\c@subsection=\count183
\c@subsubsection=\count184
\c@paragraph=\count185
\c@subparagraph=\count186
\spthmsep=\dimen145
\c@theorem=\count187
\c@case=\count188
\c@conjecture=\count189
\c@corollary=\count190
\c@definition=\count191
\c@example=\count192
\c@exercise=\count193
\c@lemma=\count194
\c@note=\count195
\c@problem=\count196
\c@property=\count197
\c@proposition=\count198
\c@question=\count199
\c@solution=\count266
\c@remark=\count267
\c@figure=\count268
\c@table=\count269
\abovecaptionskip=\skip47
\belowcaptionskip=\skip48
\figcapgap=\dimen146
\tabcapgap=\dimen147
\figgap=\dimen148
\bibindent=\dimen149
\@tempcntc=\count270
) (D:\PROGRAMFILES\miktex\tex/latex/graphics\graphicx.sty
Package: graphicx 2020/09/09 v1.2b Enhanced LaTeX Graphics (DPC,SPQR)

(D:\PROGRAMFILES\miktex\tex/latex/graphics\keyval.sty
Package: keyval 2014/10/28 v1.15 key=value parser (DPC)
\KV@toks@=\toks17
)
(D:\PROGRAMFILES\miktex\tex/latex/graphics\graphics.sty
Package: graphics 2020/08/30 v1.4c Standard LaTeX Graphics (DPC,SPQR)

(D:\PROGRAMFILES\miktex\tex/latex/graphics\trig.sty
Package: trig 2016/01/03 v1.10 sin cos tan (DPC)
)
(D:\PROGRAMFILES\miktex\tex/latex/graphics-cfg\graphics.cfg
File: graphics.cfg 2016/06/04 v1.11 sample graphics configuration
)
Package graphics Info: Driver file: pdftex.def on input line 105.

(D:\PROGRAMFILES\miktex\tex/latex/graphics-def\pdftex.def
File: pdftex.def 2020/10/05 v1.2a Graphics/color driver for pdftex
))
\Gin@req@height=\dimen150
\Gin@req@width=\dimen151
)
(D:\PROGRAMFILES\miktex\tex/latex/amsfonts\amsfonts.sty
Package: amsfonts 2013/01/14 v3.01 Basic AMSFonts support
\@emptytoks=\toks18
\symAMSa=\mathgroup4
\symAMSb=\mathgroup5
LaTeX Font Info:    Redeclaring math symbol \hbar on input line 98.
LaTeX Font Info:    Overwriting math alphabet `\mathfrak' in version `bold'
(Font)                  U/euf/m/n --> U/euf/b/n on input line 106.
)
(D:\PROGRAMFILES\miktex\tex/latex/amsfonts\amssymb.sty
Package: amssymb 2013/01/14 v3.01 AMS font symbols
)
(D:\PROGRAMFILES\miktex\tex/latex/amsmath\amsmath.sty
Package: amsmath 2020/09/23 v2.17i AMS math features
\@mathmargin=\skip49

For additional information on amsmath, use the `?' option.
(D:\PROGRAMFILES\miktex\tex/latex/amsmath\amstext.sty
Package: amstext 2000/06/29 v2.01 AMS text

(D:\PROGRAMFILES\miktex\tex/latex/amsmath\amsgen.sty
File: amsgen.sty 1999/11/30 v2.0 generic functions
\@emptytoks=\toks19
\ex@=\dimen152
))
(D:\PROGRAMFILES\miktex\tex/latex/amsmath\amsbsy.sty
Package: amsbsy 1999/11/29 v1.2d Bold Symbols
\pmbraise@=\dimen153
)
(D:\PROGRAMFILES\miktex\tex/latex/amsmath\amsopn.sty
Package: amsopn 2016/03/08 v2.02 operator names
)
\inf@bad=\count271
LaTeX Info: Redefining \frac on input line 234.
\uproot@=\count272
\leftroot@=\count273
LaTeX Info: Redefining \overline on input line 399.
\classnum@=\count274
\DOTSCASE@=\count275
LaTeX Info: Redefining \ldots on input line 496.
LaTeX Info: Redefining \dots on input line 499.
LaTeX Info: Redefining \cdots on input line 620.
\Mathstrutbox@=\box50
\strutbox@=\box51
\big@size=\dimen154
LaTeX Font Info:    Redeclaring font encoding OML on input line 743.
LaTeX Font Info:    Redeclaring font encoding OMS on input line 744.
\macc@depth=\count276
\c@MaxMatrixCols=\count277
\dotsspace@=\muskip16
\c@parentequation=\count278
\dspbrk@lvl=\count279
\tag@help=\toks20
\row@=\count280
\column@=\count281
\maxfields@=\count282
\andhelp@=\toks21
\eqnshift@=\dimen155
\alignsep@=\dimen156
\tagshift@=\dimen157
\tagwidth@=\dimen158
\totwidth@=\dimen159
\lineht@=\dimen160
\@envbody=\toks22
\multlinegap=\skip50
\multlinetaggap=\skip51
\mathdisplay@stack=\toks23
LaTeX Info: Redefining \[ on input line 2923.
LaTeX Info: Redefining \] on input line 2924.
)
(D:\PROGRAMFILES\miktex\tex/latex/algorithm2e\algorithm2e.sty
Package: algorithm2e 2017/07/18 v5.2 algorithms environments
\c@AlgoLine=\count283

(D:\PROGRAMFILES\miktex\tex/latex/base\ifthen.sty
Package: ifthen 2014/09/29 v1.1c Standard LaTeX ifthen package (DPC)
)
\algocf@hangindent=\skip52

(D:\PROGRAMFILES\miktex\tex/latex/ifoddpage\ifoddpage.sty
Package: ifoddpage 2016/04/23 v1.1 Conditionals for odd/even page detection
\c@checkoddpage=\count284
)
(D:\PROGRAMFILES\miktex\tex/latex/latex-tools\xspace.sty
Package: xspace 2014/10/28 v1.13 Space after command names (DPC,MH)
)
(D:\PROGRAMFILES\miktex\tex/latex/relsize\relsize.sty
Package: relsize 2013/03/29 ver 4.1
)
\skiptotal=\skip53
\skiplinenumber=\skip54
\skiprule=\skip55
\skiphlne=\skip56
\skiptext=\skip57
\skiplength=\skip58
\algomargin=\skip59
\skipalgocfslide=\skip60
\algowidth=\dimen161
\inoutsize=\dimen162
\inoutindent=\dimen163
\interspacetitleruled=\dimen164
\interspacealgoruled=\dimen165
\interspacetitleboxruled=\dimen166
\algocf@ruledwidth=\skip61
\algocf@inoutbox=\box52
\algocf@inputbox=\box53
\AlCapSkip=\skip62
\AlCapHSkip=\skip63
\algoskipindent=\skip64
\algocf@nlbox=\box54
\algocf@hangingbox=\box55
\algocf@untilbox=\box56
\algocf@skipuntil=\skip65
\algocf@capbox=\box57
\algocf@lcaptionbox=\skip66
\algoheightruledefault=\skip67
\algoheightrule=\skip68
\algotitleheightruledefault=\skip69
\algotitleheightrule=\skip70
\c@algocfline=\count285
\c@algocfproc=\count286
\c@algocf=\count287
\algocf@algoframe=\box58
\algocf@algobox=\box59
)
(D:\PROGRAMFILES\miktex\tex/latex/l3backend\l3backend-pdftex.def
File: l3backend-pdftex.def 2021-03-18 L3 backend support: PDF output (pdfTeX)
\l__color_backend_stack_int=\count288
\l__pdf_internal_box=\box60
)
(ROUND_TWO_New_linesearch_26_07_22.aux

LaTeX Warning: Label `eq:AdTesteNew' multiply defined.

)
\openout1 = `ROUND_TWO_New_linesearch_26_07_22.aux'.

LaTeX Font Info:    Checking defaults for OML/cmm/m/it on input line 101.
LaTeX Font Info:    ... okay on input line 101.
LaTeX Font Info:    Checking defaults for OMS/cmsy/m/n on input line 101.
LaTeX Font Info:    ... okay on input line 101.
LaTeX Font Info:    Checking defaults for OT1/cmr/m/n on input line 101.
LaTeX Font Info:    ... okay on input line 101.
LaTeX Font Info:    Checking defaults for T1/cmr/m/n on input line 101.
LaTeX Font Info:    ... okay on input line 101.
LaTeX Font Info:    Checking defaults for TS1/cmr/m/n on input line 101.
LaTeX Font Info:    ... okay on input line 101.
LaTeX Font Info:    Checking defaults for OMX/cmex/m/n on input line 101.
LaTeX Font Info:    ... okay on input line 101.
LaTeX Font Info:    Checking defaults for U/cmr/m/n on input line 101.
LaTeX Font Info:    ... okay on input line 101.

Unknown journal: specify \journalname{<name of your journal>} in preambel

(D:\PROGRAMFILES\miktex\tex/context/base/mkii\supp-pdf.mkii
[Loading MPS to PDF converter (version 2006.09.02).]
\scratchcounter=\count289
\scratchdimen=\dimen167
\scratchbox=\box61
\nofMPsegments=\count290
\nofMParguments=\count291
\everyMPshowfont=\toks24
\MPscratchCnt=\count292
\MPscratchDim=\dimen168
\MPnumerator=\count293
\makeMPintoPDFobject=\count294
\everyMPtoPDFconversion=\toks25
) (D:\PROGRAMFILES\miktex\tex/latex/epstopdf-pkg\epstopdf-base.sty
Package: epstopdf-base 2020-01-24 v2.11 Base part for package epstopdf
Package epstopdf-base Info: Redefining graphics rule for `.eps' on input line 4
85.

(D:\PROGRAMFILES\miktex\tex/latex/00miktex\epstopdf-sys.cfg
File: epstopdf-sys.cfg 2021/03/18 v2.0 Configuration of epstopdf for MiKTeX
))
SVJour3 warning: Missing \journalname
LaTeX Font Info:    Trying to load font information for U+msa on input line 134
.
(D:\PROGRAMFILES\miktex\tex/latex/amsfonts\umsa.fd
File: umsa.fd 2013/01/14 v3.01 AMS symbols A
)
LaTeX Font Info:    Trying to load font information for U+msb on input line 134
.

(D:\PROGRAMFILES\miktex\tex/latex/amsfonts\umsb.fd
File: umsb.fd 2013/01/14 v3.01 AMS symbols B
) [1{C:/Users/mbort/AppData/Local/MiKTeX/pdftex/config/pdftex.map}]
Underfull \vbox (badness 10000) has occurred while \output is active []

 [2]
[3]
Overfull \hbox (24.75572pt too wide) detected at line 276
\OML/cmm/m/it/10 [] \OT1/cmr/m/n/10 := [] [] \OML/cmm/m/it/10 :
 []

[4]
Underfull \vbox (badness 4621) has occurred while \output is active []

 [5]
[6]
<jointdiag.png, id=38, 401.3394pt x 283.2984pt>
File: jointdiag.png Graphic file (type png)
<use jointdiag.png>
Package pdftex.def Info: jointdiag.png  used on input line 368.
(pdftex.def)             Requested size: 202.80206pt x 143.15749pt.


LaTeX Warning: `h' float specifier changed to `ht'.

[7]
<nonconservative.png, id=43, 401.3394pt x 283.2984pt>
File: nonconservative.png Graphic file (type png)
<use nonconservative.png>
Package pdftex.def Info: nonconservative.png  used on input line 391.
(pdftex.def)             Requested size: 202.80206pt x 143.15749pt.

Underfull \vbox (badness 10000) has occurred while \output is active []

 [8 <./jointdiag.png (PNG copy)> <./nonconservative.png (PNG copy)>]
<logdet_iter.png, id=48, 380.92313pt x 308.65312pt>
File: logdet_iter.png Graphic file (type png)
<use logdet_iter.png>
Package pdftex.def Info: logdet_iter.png  used on input line 408.
(pdftex.def)             Requested size: 202.80206pt x 164.32478pt.
 [9 <./logdet_iter.png (PNG copy)>]
Underfull \hbox (badness 1331) in paragraph at lines 549--555
[]\OT1/cmr/m/n/8 do Carmo, M.P.: Rie-man-nian ge-om-e-try.  Math-e-mat-ics: The
-ory & Ap-pli-ca-tions.
 []


Underfull \hbox (badness 2460) in paragraph at lines 585--589
[]\OT1/cmr/m/n/8 Manton, J.H.: Op-ti-miza-tion al-go-rithms ex-ploit-ing uni-ta
ry con-straints.  IEEE
 []


Underfull \hbox (badness 2012) in paragraph at lines 585--589
\OT1/cmr/m/n/8 Trans. Sig-nal Pro-cess. \OT1/cmr/bx/n/8 50\OT1/cmr/m/n/8 (3), 6
35--650 (2002).  DOI 10.1109/78.984753.  URL
 []


Underfull \hbox (badness 2828) in paragraph at lines 602--607
[]\OT1/cmr/m/n/8 Sato, H.: Rie-man-nian Newton-type meth-ods for joint di-ag-o-
nal-iza-tion on the
 []


Underfull \hbox (badness 4242) in paragraph at lines 602--607
\OT1/cmr/m/n/8 Stiefel man-i-fold with ap-pli-ca-tion to in-de-pen-dent com-po-
nent anal-y-sis.  Op-ti-
 []


Underfull \hbox (badness 1412) in paragraph at lines 602--607
\OT1/cmr/m/n/8 miza-tion \OT1/cmr/bx/n/8 66\OT1/cmr/m/n/8 (12), 2211--2231 (201
7).  DOI 10.1080/02331934.2017.1359592.  URL
 []

[10] (ROUND_TWO_New_linesearch_26_07_22.aux)

LaTeX Warning: There were multiply-defined labels.

 ) 
Here is how much of TeX's memory you used:
 3897 strings out of 479321
 56349 string characters out of 2867011
 367043 words of memory out of 3000000
 21322 multiletter control sequences out of 15000+600000
 412598 words of font info for 61 fonts, out of 8000000 for 9000
 1141 hyphenation exceptions out of 8191
 68i,9n,74p,992b,425s stack positions out of 5000i,500n,10000p,200000b,80000s
<D:/PROGRAMFILES/miktex/fonts/type1/public/amsfonts/cm/cmbsy10.pfb><D:/PROGRA
MFILES/miktex/fonts/type1/public/amsfonts/cm/cmbx10.pfb><D:/PROGRAMFILES/miktex
/fonts/type1/public/amsfonts/cm/cmbx12.pfb><D:/PROGRAMFILES/miktex/fonts/type1/
public/amsfonts/cm/cmbx7.pfb><D:/PROGRAMFILES/miktex/fonts/type1/public/amsfont
s/cm/cmbx8.pfb><D:/PROGRAMFILES/miktex/fonts/type1/public/amsfonts/cm/cmex10.pf
b><D:/PROGRAMFILES/miktex/fonts/type1/public/amsfonts/cm/cmmi10.pfb><D:/PROGRAM
FILES/miktex/fonts/type1/public/amsfonts/cm/cmmi5.pfb><D:/PROGRAMFILES/miktex/f
onts/type1/public/amsfonts/cm/cmmi7.pfb><D:/PROGRAMFILES/miktex/fonts/type1/pub
lic/amsfonts/cm/cmr10.pfb><D:/PROGRAMFILES/miktex/fonts/type1/public/amsfonts/c
m/cmr5.pfb><D:/PROGRAMFILES/miktex/fonts/type1/public/amsfonts/cm/cmr7.pfb><D:/
PROGRAMFILES/miktex/fonts/type1/public/amsfonts/cm/cmr8.pfb><D:/PROGRAMFILES/mi
ktex/fonts/type1/public/amsfonts/cm/cmsy10.pfb><D:/PROGRAMFILES/miktex/fonts/ty
pe1/public/amsfonts/cm/cmsy5.pfb><D:/PROGRAMFILES/miktex/fonts/type1/public/ams
fonts/cm/cmsy7.pfb><D:/PROGRAMFILES/miktex/fonts/type1/public/amsfonts/cm/cmti1
0.pfb><D:/PROGRAMFILES/miktex/fonts/type1/public/amsfonts/cm/cmti8.pfb><D:/PROG
RAMFILES/miktex/fonts/type1/public/amsfonts/symbols/msbm10.pfb><D:/PROGRAMFILES
/miktex/fonts/type1/public/amsfonts/symbols/msbm7.pfb>
Output written on ROUND_TWO_New_linesearch_26_07_22.pdf (10 pages, 366415 bytes
).
PDF statistics:
 118 PDF objects out of 1000 (max. 8388607)
 0 named destinations out of 1000 (max. 500000)
 16 words of extra memory for PDF output out of 10000 (max. 10000000)

